<testsuites name="jest tests" tests="5" failures="0" time="1.949">
  <testsuite name="undefined" errors="0" failures="0" skipped="0" timestamp="2024-09-09T17:12:23" time="1.949" tests="5">
    <testcase classname=" Testing for cycle length 1" name=" Testing for cycle length 1" time="0.092">
    </testcase>
    <testcase classname=" Testing for cycle length 2" name=" Testing for cycle length 2" time="0.094">
    </testcase>
    <testcase classname=" Testing for cycle length 3" name=" Testing for cycle length 3" time="0.068">
    </testcase>
    <testcase classname=" Testing for cycle length 7" name=" Testing for cycle length 7" time="0.094">
    </testcase>
    <testcase classname=" Testing for cycle length 31" name=" Testing for cycle length 31" time="0.23">
    </testcase>
  </testsuite>
</testsuites>