<testsuites name="jest tests" tests="5" failures="0" time="1.602">
  <testsuite name="undefined" errors="0" failures="0" skipped="0" timestamp="2024-09-09T18:30:17" time="1.602" tests="5">
    <testcase classname=" Initial UI renders correctly" name=" Initial UI renders correctly" time="0.171">
    </testcase>
    <testcase classname=" Test with existing translations" name=" Test with existing translations" time="0.024">
    </testcase>
    <testcase classname=" Test with non-existing translations" name=" Test with non-existing translations" time="0.009">
    </testcase>
    <testcase classname=" Test with existing translation followed by non-existing translations" name=" Test with existing translation followed by non-existing translations" time="0.006">
    </testcase>
    <testcase classname=" Test with non-existing translation followed by existing translations" name=" Test with non-existing translation followed by existing translations" time="0.005">
    </testcase>
  </testsuite>
</testsuites>